Using Spark's default log4j profile: org/apache/spark/log4j-defaults.properties
20/04/02 20:19:52 INFO SparkContext: Running Spark version 1.5.2
20/04/02 20:19:52 WARN NativeCodeLoader: Unable to load native-hadoop library for your platform... using builtin-java classes where applicable
20/04/02 20:19:53 INFO SecurityManager: Changing view acls to: sxv5264
20/04/02 20:19:53 INFO SecurityManager: Changing modify acls to: sxv5264
20/04/02 20:19:53 INFO SecurityManager: SecurityManager: authentication disabled; ui acls disabled; users with view permissions: Set(sxv5264); users with modify permissions: Set(sxv5264)
20/04/02 20:19:53 INFO Slf4jLogger: Slf4jLogger started
20/04/02 20:19:53 INFO Remoting: Starting remoting
20/04/02 20:19:53 INFO Remoting: Remoting started; listening on addresses :[akka.tcp://sparkDriver@198.202.112.26:34142]
20/04/02 20:19:53 INFO Utils: Successfully started service 'sparkDriver' on port 34142.
20/04/02 20:19:53 INFO SparkEnv: Registering MapOutputTracker
20/04/02 20:19:53 INFO SparkEnv: Registering BlockManagerMaster
20/04/02 20:19:53 INFO DiskBlockManager: Created local directory at /tmp/blockmgr-8298cc06-1e13-49ec-abb1-93397d571164
20/04/02 20:19:53 INFO MemoryStore: MemoryStore started with capacity 530.0 MB
20/04/02 20:19:53 INFO HttpFileServer: HTTP File server directory is /tmp/spark-4a52561d-1aa3-4722-b31e-a71f3e207ba8/httpd-e7813765-f3ba-44ec-b310-4e349e0379f2
20/04/02 20:19:53 INFO HttpServer: Starting HTTP Server
20/04/02 20:19:53 INFO Utils: Successfully started service 'HTTP file server' on port 34680.
20/04/02 20:19:53 INFO SparkEnv: Registering OutputCommitCoordinator
20/04/02 20:19:53 INFO Utils: Successfully started service 'SparkUI' on port 4040.
20/04/02 20:19:53 INFO SparkUI: Started SparkUI at http://198.202.112.26:4040
20/04/02 20:19:53 INFO SparkContext: Added JAR file:/home/sxv5264/project4/histogram.jar at http://198.202.112.26:34680/jars/histogram.jar with timestamp 1585883993982
20/04/02 20:19:54 WARN MetricsSystem: Using default name DAGScheduler for source because spark.app.id is not set.
20/04/02 20:19:54 INFO Executor: Starting executor ID driver on host localhost
20/04/02 20:19:54 INFO Utils: Successfully started service 'org.apache.spark.network.netty.NettyBlockTransferService' on port 42406.
20/04/02 20:19:54 INFO NettyBlockTransferService: Server created on 42406
20/04/02 20:19:54 INFO BlockManagerMaster: Trying to register BlockManager
20/04/02 20:19:54 INFO BlockManagerMasterEndpoint: Registering block manager localhost:42406 with 530.0 MB RAM, BlockManagerId(driver, localhost, 42406)
20/04/02 20:19:54 INFO BlockManagerMaster: Registered BlockManager
20/04/02 20:19:54 INFO MemoryStore: ensureFreeSpace(120040) called with curMem=0, maxMem=555755765
20/04/02 20:19:54 INFO MemoryStore: Block broadcast_0 stored as values in memory (estimated size 117.2 KB, free 529.9 MB)
20/04/02 20:19:54 INFO MemoryStore: ensureFreeSpace(12673) called with curMem=120040, maxMem=555755765
20/04/02 20:19:54 INFO MemoryStore: Block broadcast_0_piece0 stored as bytes in memory (estimated size 12.4 KB, free 529.9 MB)
20/04/02 20:19:54 INFO BlockManagerInfo: Added broadcast_0_piece0 in memory on localhost:42406 (size: 12.4 KB, free: 530.0 MB)
20/04/02 20:19:54 INFO SparkContext: Created broadcast 0 from textFile at Histogram.scala:11
20/04/02 20:19:54 INFO FileInputFormat: Total input paths to process : 1
20/04/02 20:19:54 INFO SparkContext: Starting job: collect at Histogram.scala:25
20/04/02 20:19:54 INFO DAGScheduler: Registering RDD 7 (map at Histogram.scala:15)
20/04/02 20:19:54 INFO DAGScheduler: Registering RDD 5 (map at Histogram.scala:14)
20/04/02 20:19:54 INFO DAGScheduler: Registering RDD 3 (map at Histogram.scala:13)
20/04/02 20:19:54 INFO DAGScheduler: Got job 0 (collect at Histogram.scala:25) with 2 output partitions
20/04/02 20:19:54 INFO DAGScheduler: Final stage: ResultStage 3(collect at Histogram.scala:25)
20/04/02 20:19:54 INFO DAGScheduler: Parents of final stage: List(ShuffleMapStage 0, ShuffleMapStage 1, ShuffleMapStage 2)
20/04/02 20:19:54 INFO DAGScheduler: Missing parents: List(ShuffleMapStage 0, ShuffleMapStage 1, ShuffleMapStage 2)
20/04/02 20:19:54 INFO DAGScheduler: Submitting ShuffleMapStage 0 (MapPartitionsRDD[7] at map at Histogram.scala:15), which has no missing parents
20/04/02 20:19:55 INFO MemoryStore: ensureFreeSpace(3976) called with curMem=132713, maxMem=555755765
20/04/02 20:19:55 INFO MemoryStore: Block broadcast_1 stored as values in memory (estimated size 3.9 KB, free 529.9 MB)
20/04/02 20:19:55 INFO MemoryStore: ensureFreeSpace(2291) called with curMem=136689, maxMem=555755765
20/04/02 20:19:55 INFO MemoryStore: Block broadcast_1_piece0 stored as bytes in memory (estimated size 2.2 KB, free 529.9 MB)
20/04/02 20:19:55 INFO BlockManagerInfo: Added broadcast_1_piece0 in memory on localhost:42406 (size: 2.2 KB, free: 530.0 MB)
20/04/02 20:19:55 INFO SparkContext: Created broadcast 1 from broadcast at DAGScheduler.scala:861
20/04/02 20:19:55 INFO DAGScheduler: Submitting 2 missing tasks from ShuffleMapStage 0 (MapPartitionsRDD[7] at map at Histogram.scala:15)
20/04/02 20:19:55 INFO TaskSchedulerImpl: Adding task set 0.0 with 2 tasks
20/04/02 20:19:55 INFO DAGScheduler: Submitting ShuffleMapStage 1 (MapPartitionsRDD[5] at map at Histogram.scala:14), which has no missing parents
20/04/02 20:19:55 INFO MemoryStore: ensureFreeSpace(3976) called with curMem=138980, maxMem=555755765
20/04/02 20:19:55 INFO MemoryStore: Block broadcast_2 stored as values in memory (estimated size 3.9 KB, free 529.9 MB)
20/04/02 20:19:55 INFO MemoryStore: ensureFreeSpace(2291) called with curMem=142956, maxMem=555755765
20/04/02 20:19:55 INFO MemoryStore: Block broadcast_2_piece0 stored as bytes in memory (estimated size 2.2 KB, free 529.9 MB)
20/04/02 20:19:55 INFO TaskSetManager: Starting task 0.0 in stage 0.0 (TID 0, localhost, PROCESS_LOCAL, 2198 bytes)
20/04/02 20:19:55 INFO BlockManagerInfo: Added broadcast_2_piece0 in memory on localhost:42406 (size: 2.2 KB, free: 530.0 MB)
20/04/02 20:19:55 INFO TaskSetManager: Starting task 1.0 in stage 0.0 (TID 1, localhost, PROCESS_LOCAL, 2198 bytes)
20/04/02 20:19:55 INFO Executor: Running task 0.0 in stage 0.0 (TID 0)
20/04/02 20:19:55 INFO SparkContext: Created broadcast 2 from broadcast at DAGScheduler.scala:861
20/04/02 20:19:55 INFO DAGScheduler: Submitting 2 missing tasks from ShuffleMapStage 1 (MapPartitionsRDD[5] at map at Histogram.scala:14)
20/04/02 20:19:55 INFO TaskSchedulerImpl: Adding task set 1.0 with 2 tasks
20/04/02 20:19:55 INFO DAGScheduler: Submitting ShuffleMapStage 2 (MapPartitionsRDD[3] at map at Histogram.scala:13), which has no missing parents
20/04/02 20:19:55 INFO MemoryStore: ensureFreeSpace(3976) called with curMem=145247, maxMem=555755765
20/04/02 20:19:55 INFO MemoryStore: Block broadcast_3 stored as values in memory (estimated size 3.9 KB, free 529.9 MB)
20/04/02 20:19:55 INFO MemoryStore: ensureFreeSpace(2292) called with curMem=149223, maxMem=555755765
20/04/02 20:19:55 INFO MemoryStore: Block broadcast_3_piece0 stored as bytes in memory (estimated size 2.2 KB, free 529.9 MB)
20/04/02 20:19:55 INFO BlockManagerInfo: Added broadcast_3_piece0 in memory on localhost:42406 (size: 2.2 KB, free: 530.0 MB)
20/04/02 20:19:55 INFO SparkContext: Created broadcast 3 from broadcast at DAGScheduler.scala:861
20/04/02 20:19:55 INFO DAGScheduler: Submitting 2 missing tasks from ShuffleMapStage 2 (MapPartitionsRDD[3] at map at Histogram.scala:13)
20/04/02 20:19:55 INFO TaskSchedulerImpl: Adding task set 2.0 with 2 tasks
20/04/02 20:19:55 INFO Executor: Fetching http://198.202.112.26:34680/jars/histogram.jar with timestamp 1585883993982
20/04/02 20:19:55 INFO Executor: Running task 1.0 in stage 0.0 (TID 1)
20/04/02 20:19:55 INFO Utils: Fetching http://198.202.112.26:34680/jars/histogram.jar to /tmp/spark-4a52561d-1aa3-4722-b31e-a71f3e207ba8/userFiles-cdb9e60c-31da-40d0-8ce2-da5642f722eb/fetchFileTemp6791021278615551032.tmp
20/04/02 20:19:55 INFO Executor: Adding file:/tmp/spark-4a52561d-1aa3-4722-b31e-a71f3e207ba8/userFiles-cdb9e60c-31da-40d0-8ce2-da5642f722eb/histogram.jar to class loader
20/04/02 20:19:55 INFO HadoopRDD: Input split: file:/home/sxv5264/project4/pixels-small.txt:531+531
20/04/02 20:19:55 INFO HadoopRDD: Input split: file:/home/sxv5264/project4/pixels-small.txt:0+531
20/04/02 20:19:55 INFO deprecation: mapred.tip.id is deprecated. Instead, use mapreduce.task.id
20/04/02 20:19:55 INFO deprecation: mapred.task.id is deprecated. Instead, use mapreduce.task.attempt.id
20/04/02 20:19:55 INFO deprecation: mapred.task.is.map is deprecated. Instead, use mapreduce.task.ismap
20/04/02 20:19:55 INFO deprecation: mapred.task.partition is deprecated. Instead, use mapreduce.task.partition
20/04/02 20:19:55 INFO deprecation: mapred.job.id is deprecated. Instead, use mapreduce.job.id
20/04/02 20:19:55 INFO Executor: Finished task 0.0 in stage 0.0 (TID 0). 2254 bytes result sent to driver
20/04/02 20:19:55 INFO Executor: Finished task 1.0 in stage 0.0 (TID 1). 2254 bytes result sent to driver
20/04/02 20:19:55 INFO TaskSetManager: Starting task 0.0 in stage 1.0 (TID 2, localhost, PROCESS_LOCAL, 2198 bytes)
20/04/02 20:19:55 INFO Executor: Running task 0.0 in stage 1.0 (TID 2)
20/04/02 20:19:55 INFO HadoopRDD: Input split: file:/home/sxv5264/project4/pixels-small.txt:0+531
20/04/02 20:19:55 INFO TaskSetManager: Starting task 1.0 in stage 1.0 (TID 3, localhost, PROCESS_LOCAL, 2198 bytes)
20/04/02 20:19:55 INFO Executor: Running task 1.0 in stage 1.0 (TID 3)
20/04/02 20:19:55 INFO HadoopRDD: Input split: file:/home/sxv5264/project4/pixels-small.txt:531+531
20/04/02 20:19:55 INFO Executor: Finished task 1.0 in stage 1.0 (TID 3). 2254 bytes result sent to driver
20/04/02 20:19:55 INFO TaskSetManager: Finished task 1.0 in stage 0.0 (TID 1) in 190 ms on localhost (1/2)
20/04/02 20:19:55 INFO Executor: Finished task 0.0 in stage 1.0 (TID 2). 2254 bytes result sent to driver
20/04/02 20:19:55 INFO TaskSetManager: Starting task 0.0 in stage 2.0 (TID 4, localhost, PROCESS_LOCAL, 2198 bytes)
20/04/02 20:19:55 INFO Executor: Running task 0.0 in stage 2.0 (TID 4)
20/04/02 20:19:55 INFO TaskSetManager: Starting task 1.0 in stage 2.0 (TID 5, localhost, PROCESS_LOCAL, 2198 bytes)
20/04/02 20:19:55 INFO Executor: Running task 1.0 in stage 2.0 (TID 5)
20/04/02 20:19:55 INFO HadoopRDD: Input split: file:/home/sxv5264/project4/pixels-small.txt:531+531
20/04/02 20:19:55 INFO TaskSetManager: Finished task 1.0 in stage 1.0 (TID 3) in 37 ms on localhost (1/2)
20/04/02 20:19:55 INFO DAGScheduler: ShuffleMapStage 0 (map at Histogram.scala:15) finished in 0.243 s
20/04/02 20:19:55 INFO DAGScheduler: looking for newly runnable stages
20/04/02 20:19:55 INFO DAGScheduler: running: Set(ShuffleMapStage 1, ShuffleMapStage 2)
20/04/02 20:19:55 INFO DAGScheduler: waiting: Set(ResultStage 3)
20/04/02 20:19:55 INFO DAGScheduler: failed: Set()
20/04/02 20:19:55 INFO DAGScheduler: Missing parents for ResultStage 3: List(ShuffleMapStage 1, ShuffleMapStage 2)
20/04/02 20:19:55 INFO Executor: Finished task 1.0 in stage 2.0 (TID 5). 2254 bytes result sent to driver
20/04/02 20:19:55 INFO HadoopRDD: Input split: file:/home/sxv5264/project4/pixels-small.txt:0+531
20/04/02 20:19:55 INFO TaskSetManager: Finished task 0.0 in stage 0.0 (TID 0) in 237 ms on localhost (2/2)
20/04/02 20:19:55 INFO TaskSchedulerImpl: Removed TaskSet 0.0, whose tasks have all completed, from pool
20/04/02 20:19:55 INFO DAGScheduler: ShuffleMapStage 1 (map at Histogram.scala:14) finished in 0.227 s
20/04/02 20:19:55 INFO DAGScheduler: looking for newly runnable stages
20/04/02 20:19:55 INFO DAGScheduler: running: Set(ShuffleMapStage 2)
20/04/02 20:19:55 INFO DAGScheduler: waiting: Set(ResultStage 3)
20/04/02 20:19:55 INFO DAGScheduler: failed: Set()
20/04/02 20:19:55 INFO DAGScheduler: Missing parents for ResultStage 3: List(ShuffleMapStage 2)
20/04/02 20:19:55 INFO TaskSetManager: Finished task 0.0 in stage 1.0 (TID 2) in 66 ms on localhost (2/2)
20/04/02 20:19:55 INFO TaskSchedulerImpl: Removed TaskSet 1.0, whose tasks have all completed, from pool
20/04/02 20:19:55 INFO TaskSetManager: Finished task 1.0 in stage 2.0 (TID 5) in 24 ms on localhost (1/2)
20/04/02 20:19:55 INFO Executor: Finished task 0.0 in stage 2.0 (TID 4). 2254 bytes result sent to driver
20/04/02 20:19:55 INFO TaskSetManager: Finished task 0.0 in stage 2.0 (TID 4) in 36 ms on localhost (2/2)
20/04/02 20:19:55 INFO TaskSchedulerImpl: Removed TaskSet 2.0, whose tasks have all completed, from pool
20/04/02 20:19:55 INFO DAGScheduler: ShuffleMapStage 2 (map at Histogram.scala:13) finished in 0.231 s
20/04/02 20:19:55 INFO DAGScheduler: looking for newly runnable stages
20/04/02 20:19:55 INFO DAGScheduler: running: Set()
20/04/02 20:19:55 INFO DAGScheduler: waiting: Set(ResultStage 3)
20/04/02 20:19:55 INFO DAGScheduler: failed: Set()
20/04/02 20:19:55 INFO DAGScheduler: Missing parents for ResultStage 3: List()
20/04/02 20:19:55 INFO DAGScheduler: Submitting ResultStage 3 (MapPartitionsRDD[11] at map at Histogram.scala:24), which is now runnable
20/04/02 20:19:55 INFO MemoryStore: ensureFreeSpace(3632) called with curMem=151515, maxMem=555755765
20/04/02 20:19:55 INFO MemoryStore: Block broadcast_4 stored as values in memory (estimated size 3.5 KB, free 529.9 MB)
20/04/02 20:19:55 INFO MemoryStore: ensureFreeSpace(2085) called with curMem=155147, maxMem=555755765
20/04/02 20:19:55 INFO MemoryStore: Block broadcast_4_piece0 stored as bytes in memory (estimated size 2.0 KB, free 529.9 MB)
20/04/02 20:19:55 INFO BlockManagerInfo: Added broadcast_4_piece0 in memory on localhost:42406 (size: 2.0 KB, free: 530.0 MB)
20/04/02 20:19:55 INFO SparkContext: Created broadcast 4 from broadcast at DAGScheduler.scala:861
20/04/02 20:19:55 INFO DAGScheduler: Submitting 2 missing tasks from ResultStage 3 (MapPartitionsRDD[11] at map at Histogram.scala:24)
20/04/02 20:19:55 INFO TaskSchedulerImpl: Adding task set 3.0 with 2 tasks
20/04/02 20:19:55 INFO TaskSetManager: Starting task 0.0 in stage 3.0 (TID 6, localhost, PROCESS_LOCAL, 2196 bytes)
20/04/02 20:19:55 INFO TaskSetManager: Starting task 1.0 in stage 3.0 (TID 7, localhost, PROCESS_LOCAL, 2196 bytes)
20/04/02 20:19:55 INFO Executor: Running task 1.0 in stage 3.0 (TID 7)
20/04/02 20:19:55 INFO Executor: Running task 0.0 in stage 3.0 (TID 6)
20/04/02 20:19:55 INFO ShuffleBlockFetcherIterator: Getting 2 non-empty blocks out of 2 blocks
20/04/02 20:19:55 INFO ShuffleBlockFetcherIterator: Started 0 remote fetches in 2 ms
20/04/02 20:19:55 INFO ShuffleBlockFetcherIterator: Getting 2 non-empty blocks out of 2 blocks
20/04/02 20:19:55 INFO ShuffleBlockFetcherIterator: Started 0 remote fetches in 12 ms
20/04/02 20:19:55 INFO ShuffleBlockFetcherIterator: Getting 2 non-empty blocks out of 2 blocks
20/04/02 20:19:55 INFO ShuffleBlockFetcherIterator: Getting 2 non-empty blocks out of 2 blocks
20/04/02 20:19:55 INFO ShuffleBlockFetcherIterator: Started 0 remote fetches in 0 ms
20/04/02 20:19:55 INFO ShuffleBlockFetcherIterator: Getting 2 non-empty blocks out of 2 blocks
20/04/02 20:19:55 INFO ShuffleBlockFetcherIterator: Started 0 remote fetches in 0 ms
20/04/02 20:19:55 INFO ShuffleBlockFetcherIterator: Started 0 remote fetches in 1 ms
20/04/02 20:19:55 INFO ShuffleBlockFetcherIterator: Getting 2 non-empty blocks out of 2 blocks
20/04/02 20:19:55 INFO ShuffleBlockFetcherIterator: Started 0 remote fetches in 1 ms
20/04/02 20:19:55 INFO Executor: Finished task 1.0 in stage 3.0 (TID 7). 2458 bytes result sent to driver
20/04/02 20:19:55 INFO Executor: Finished task 0.0 in stage 3.0 (TID 6). 2351 bytes result sent to driver
20/04/02 20:19:55 INFO TaskSetManager: Finished task 1.0 in stage 3.0 (TID 7) in 41 ms on localhost (1/2)
20/04/02 20:19:55 INFO TaskSetManager: Finished task 0.0 in stage 3.0 (TID 6) in 44 ms on localhost (2/2)
20/04/02 20:19:55 INFO TaskSchedulerImpl: Removed TaskSet 3.0, whose tasks have all completed, from pool
20/04/02 20:19:55 INFO DAGScheduler: ResultStage 3 (collect at Histogram.scala:25) finished in 0.045 s
20/04/02 20:19:55 INFO DAGScheduler: Job 0 finished: collect at Histogram.scala:25, took 0.396500 s
1       136     1
1       156     1
1       58      1
1       222     2
1       243     1
1       153     2
1       101     1
1       239     1
1       176     1
1       141     1
1       195     1
1       238     1
1       127     1
1       80      1
1       189     1
1       221     1
1       30      1
1       123     1
1       83      1
1       142     1
1       167     1
1       154     1
1       213     1
1       228     1
1       121     1
1       27      1
1       86      1
1       120     1
1       194     1
1       214     1
1       17      2
1       62      1
1       47      1
1       16      1
1       29      1
1       99      1
1       23      1
1       130     1
2       24      1
2       247     1
2       88      1
2       118     1
2       18      1
2       128     1
2       187     1
2       81      1
2       130     1
2       205     1
2       31      1
2       92      2
2       38      1
2       224     1
2       141     1
2       227     1
2       171     1
2       218     2
2       48      2
2       197     1
2       73      2
2       67      1
2       146     1
2       127     1
2       114     1
2       59      1
2       62      3
2       138     1
2       211     1
2       113     1
2       78      1
2       103     1
2       241     1
2       169     1
2       51      1
2       84      1
2       106     1
2       96      1
2       245     2
2       61      1
2       14      1
3       132     1
3       181     2
3       163     1
3       224     1
3       32      2
3       112     1
3       188     1
3       251     1
3       175     1
3       35      1
3       176     1
3       37      1
3       74      1
3       122     1
3       84      1
3       157     1
3       58      1
3       70      1
3       114     1
3       140     1
3       214     1
3       118     2
3       108     1
3       197     1
3       23      1
3       72      1
3       68      1
3       239     1
3       67      1
3       162     2
3       116     1
3       0       1
3       92      1
3       36      1
3       115     1
3       83      1
3       145     1
3       222     3
3       255     2
3       18      1
3       149     1
3       165     1
3       99      1
3       169     1
1       207     1
1       107     1
1       131     1
1       76      1
1       33      1
1       70      1
1       88      1
1       247     1
1       122     2
1       42      1
1       5       1
1       79      2
1       163     1
1       39      1
1       234     1
1       202     1
1       90      3
1       236     1
1       49      3
1       137     1
1       100     1
1       57      1
1       116     1
1       61      1
1       129     1
1       211     2
1       48      2
1       114     1
1       208     1
1       72      2
1       102     1
1       69      1
1       252     1
1       2       2
1       146     1
1       132     1
1       157     1
1       37      2
1       135     1
1       245     1
1       63      1
1       71      1
1       191     1
1       81      1
1       64      1
1       250     1
1       4       1
1       155     1
2       202     1
2       193     1
2       16      1
2       79      1
2       39      1
2       180     1
2       52      2
2       154     1
2       34      1
2       151     1
2       10      1
2       25      1
2       168     1
2       98      2
2       131     1
2       158     1
2       76      1
2       5       1
2       226     1
2       41      1
2       71      1
2       237     3
2       208     1
2       243     2
2       192     1
2       254     1
2       161     1
2       12      1
2       170     1
2       64      1
2       229     1
2       123     1
2       17      2
2       57      1
2       236     1
2       125     2
2       120     1
2       53      1
2       101     1
2       58      1
2       223     1
2       105     1
2       228     2
2       72      1
3       14      1
3       41      1
3       194     1
3       16      1
3       21      1
3       245     1
3       4       1
3       40      1
3       47      1
3       133     1
3       59      1
3       249     1
3       109     1
3       137     1
3       170     1
3       126     1
3       53      1
3       102     1
3       105     1
3       15      2
3       54      1
3       243     1
3       178     2
3       236     1
3       195     1
3       43      1
3       217     1
3       2       2
3       144     1
3       146     1
3       26      2
3       172     1
3       104     1
3       88      1
3       69      1
3       235     1
3       124     1
3       73      1
3       148     3
3       225     1
3       202     1
3       252     1
3       17      1
20/04/02 20:19:55 INFO SparkUI: Stopped Spark web UI at http://198.202.112.26:4040
20/04/02 20:19:55 INFO DAGScheduler: Stopping DAGScheduler
20/04/02 20:19:55 INFO MapOutputTrackerMasterEndpoint: MapOutputTrackerMasterEndpoint stopped!
20/04/02 20:19:55 INFO MemoryStore: MemoryStore cleared
20/04/02 20:19:55 INFO BlockManager: BlockManager stopped
20/04/02 20:19:55 INFO BlockManagerMaster: BlockManagerMaster stopped
20/04/02 20:19:55 INFO OutputCommitCoordinator$OutputCommitCoordinatorEndpoint: OutputCommitCoordinator stopped!
20/04/02 20:19:55 INFO SparkContext: Successfully stopped SparkContext
20/04/02 20:19:55 INFO ShutdownHookManager: Shutdown hook called
20/04/02 20:19:55 INFO ShutdownHookManager: Deleting directory /tmp/spark-4a52561d-1aa3-4722-b31e-a71f3e207ba8